{"/Users/phillipchan/Work/hero/hero-mega-menu/src/actions/init.ts": {"path":"/Users/phillipchan/Work/hero/hero-mega-menu/src/actions/init.ts","statementMap":{"0":{"start":{"line":1,"column":0},"end":{"line":1,"column":81}},"1":{"start":{"line":3,"column":13},"end":{"line":13,"column":null}},"2":{"start":{"line":4,"column":33},"end":{"line":5,"column":null}},"3":{"start":{"line":8,"column":2},"end":{"line":10,"column":null}},"4":{"start":{"line":9,"column":4},"end":{"line":9,"column":null}},"5":{"start":{"line":12,"column":2},"end":{"line":12,"column":null}}},"fnMap":{"0":{"name":"(anonymous_0)","decl":{"start":{"line":3,"column":20},"end":{"line":3,"column":21}},"loc":{"start":{"line":3,"column":69},"end":{"line":13,"column":1}}},"1":{"name":"(anonymous_1)","decl":{"start":{"line":8,"column":33},"end":{"line":8,"column":34}},"loc":{"start":{"line":8,"column":59},"end":{"line":10,"column":3}}}},"branchMap":{},"s":{"0":1,"1":1,"2":1,"3":1,"4":0,"5":1},"f":{"0":1,"1":0},"b":{}}
}
