{"/Users/philchan/Work/hero/hero-mega-menu/src/actions/activate-menu.ts": {"path":"/Users/philchan/Work/hero/hero-mega-menu/src/actions/activate-menu.ts","statementMap":{"0":{"start":{"line":1,"column":13},"end":{"line":3,"column":null}},"1":{"start":{"line":2,"column":2},"end":{"line":2,"column":null}}},"fnMap":{"0":{"name":"(anonymous_0)","decl":{"start":{"line":1,"column":28},"end":{"line":1,"column":29}},"loc":{"start":{"line":1,"column":44},"end":{"line":3,"column":1}}}},"branchMap":{},"s":{"0":1,"1":1},"f":{"0":1},"b":{}}
,"/Users/philchan/Work/hero/hero-mega-menu/src/actions/on-resize.ts": {"path":"/Users/philchan/Work/hero/hero-mega-menu/src/actions/on-resize.ts","statementMap":{"0":{"start":{"line":1,"column":0},"end":{"line":1,"column":43}},"1":{"start":{"line":3,"column":13},"end":{"line":12,"column":null}},"2":{"start":{"line":4,"column":2},"end":{"line":11,"column":null}},"3":{"start":{"line":5,"column":4},"end":{"line":7,"column":null}},"4":{"start":{"line":6,"column":6},"end":{"line":6,"column":null}},"5":{"start":{"line":8,"column":4},"end":{"line":8,"column":null}},"6":{"start":{"line":10,"column":4},"end":{"line":10,"column":null}}},"fnMap":{"0":{"name":"(anonymous_0)","decl":{"start":{"line":3,"column":24},"end":{"line":3,"column":25}},"loc":{"start":{"line":3,"column":37},"end":{"line":12,"column":1}}}},"branchMap":{"0":{"loc":{"start":{"line":4,"column":2},"end":{"line":11,"column":null}},"type":"if","locations":[{"start":{"line":4,"column":2},"end":{"line":11,"column":null}},{"start":{"line":4,"column":2},"end":{"line":11,"column":null}}]},"1":{"loc":{"start":{"line":5,"column":4},"end":{"line":7,"column":null}},"type":"if","locations":[{"start":{"line":5,"column":4},"end":{"line":7,"column":null}},{"start":{"line":5,"column":4},"end":{"line":7,"column":null}}]}},"s":{"0":1,"1":1,"2":2,"3":1,"4":0,"5":1,"6":1},"f":{"0":2},"b":{"0":[1,1],"1":[0,1]}}
,"/Users/philchan/Work/hero/hero-mega-menu/src/lib/is-mobile.ts": {"path":"/Users/philchan/Work/hero/hero-mega-menu/src/lib/is-mobile.ts","statementMap":{"0":{"start":{"line":6,"column":13},"end":{"line":10,"column":null}},"1":{"start":{"line":7,"column":22},"end":{"line":7,"column":39}},"2":{"start":{"line":9,"column":2},"end":{"line":9,"column":null}}},"fnMap":{"0":{"name":"(anonymous_0)","decl":{"start":{"line":6,"column":24},"end":{"line":6,"column":25}},"loc":{"start":{"line":6,"column":52},"end":{"line":10,"column":1}}}},"branchMap":{},"s":{"0":2,"1":4,"2":4},"f":{"0":4},"b":{}}
}
