TN:
SF:/Users/philchan/Work/hero/hero-mega-menu/src/actions/activate-menu.ts
FN:1,(anonymous_0)
FNF:1
FNH:1
FNDA:1,(anonymous_0)
DA:1,1
DA:2,1
LF:2
LH:2
BRF:0
BRH:0
end_of_record
TN:
SF:/Users/philchan/Work/hero/hero-mega-menu/src/actions/on-resize.ts
FN:3,(anonymous_0)
FNF:1
FNH:1
FNDA:2,(anonymous_0)
DA:1,1
DA:3,1
DA:4,2
DA:5,1
DA:6,0
DA:8,1
DA:10,1
LF:7
LH:6
BRDA:4,0,0,1
BRDA:4,0,1,1
BRDA:5,1,0,0
BRDA:5,1,1,1
BRF:4
BRH:3
end_of_record
TN:
SF:/Users/philchan/Work/hero/hero-mega-menu/src/lib/is-mobile.ts
FN:6,(anonymous_0)
FNF:1
FNH:1
FNDA:4,(anonymous_0)
DA:6,2
DA:7,4
DA:9,4
LF:3
LH:3
BRF:0
BRH:0
end_of_record
